<?xml version="1.0" encoding="UTF-8"?>
<coverage generated="1560936890238" clover="3.2.0">
  <project timestamp="1560936890239" name="All files">
    <metrics statements="21" coveredstatements="15" conditionals="4" coveredconditionals="4" methods="14" coveredmethods="2" elements="39" coveredelements="21" complexity="0" loc="21" ncloc="21" packages="2" files="3" classes="3"/>
    <package name="actions">
      <metrics statements="15" coveredstatements="10" conditionals="0" coveredconditionals="0" methods="12" coveredmethods="1"/>
      <file name="URL.js" path="/home/linux-env/workspace/themoviedb/src/actions/URL.js">
        <metrics statements="8" coveredstatements="7" conditionals="0" coveredconditionals="0" methods="7" coveredmethods="1"/>
        <line num="3" count="1" type="stmt"/>
        <line num="6" count="1" type="stmt"/>
        <line num="14" count="0" type="stmt"/>
        <line num="17" count="2" type="stmt"/>
        <line num="19" count="1" type="stmt"/>
        <line num="21" count="1" type="stmt"/>
        <line num="23" count="1" type="stmt"/>
        <line num="25" count="1" type="stmt"/>
      </file>
      <file name="movie.js" path="/home/linux-env/workspace/themoviedb/src/actions/movie.js">
        <metrics statements="7" coveredstatements="3" conditionals="0" coveredconditionals="0" methods="5" coveredmethods="0"/>
        <line num="6" count="1" type="stmt"/>
        <line num="7" count="1" type="stmt"/>
        <line num="23" count="1" type="stmt"/>
        <line num="24" count="0" type="stmt"/>
        <line num="25" count="0" type="stmt"/>
        <line num="26" count="0" type="stmt"/>
        <line num="30" count="0" type="stmt"/>
      </file>
    </package>
    <package name="components.movie-home-view.movie-item">
      <metrics statements="6" coveredstatements="5" conditionals="4" coveredconditionals="4" methods="2" coveredmethods="1"/>
      <file name="MovieItem.js" path="/home/linux-env/workspace/themoviedb/src/components/movie-home-view/movie-item/MovieItem.js">
        <metrics statements="6" coveredstatements="5" conditionals="4" coveredconditionals="4" methods="2" coveredmethods="1"/>
        <line num="24" count="1" type="stmt"/>
        <line num="31" count="2" type="stmt"/>
        <line num="33" count="2" type="cond" truecount="2" falsecount="0"/>
        <line num="35" count="2" type="stmt"/>
        <line num="40" count="0" type="stmt"/>
        <line num="66" count="1" type="stmt"/>
      </file>
    </package>
  </project>
</coverage>
