{"/home/linux-env/workspace/themoviedb/src/actions/URL.js": {"path":"/home/linux-env/workspace/themoviedb/src/actions/URL.js","statementMap":{"0":{"start":{"line":3,"column":25},"end":{"line":3,"column":149}},"1":{"start":{"line":3,"column":31},"end":{"line":3,"column":149}},"2":{"start":{"line":6,"column":31},"end":{"line":14,"column":331}},"3":{"start":{"line":14,"column":5},"end":{"line":14,"column":331}},"4":{"start":{"line":17,"column":24},"end":{"line":17,"column":88}},"5":{"start":{"line":17,"column":43},"end":{"line":17,"column":88}},"6":{"start":{"line":19,"column":24},"end":{"line":19,"column":110}},"7":{"start":{"line":19,"column":30},"end":{"line":19,"column":110}},"8":{"start":{"line":21,"column":24},"end":{"line":21,"column":158}},"9":{"start":{"line":21,"column":40},"end":{"line":21,"column":158}},"10":{"start":{"line":23,"column":23},"end":{"line":23,"column":122}},"11":{"start":{"line":23,"column":29},"end":{"line":23,"column":122}},"12":{"start":{"line":25,"column":23},"end":{"line":25,"column":143}},"13":{"start":{"line":25,"column":29},"end":{"line":25,"column":143}}},"fnMap":{"0":{"name":"(anonymous_0)","decl":{"start":{"line":3,"column":25},"end":{"line":3,"column":26}},"loc":{"start":{"line":3,"column":31},"end":{"line":3,"column":149}},"line":3},"1":{"name":"(anonymous_1)","decl":{"start":{"line":6,"column":31},"end":{"line":6,"column":32}},"loc":{"start":{"line":14,"column":5},"end":{"line":14,"column":331}},"line":14},"2":{"name":"(anonymous_2)","decl":{"start":{"line":17,"column":24},"end":{"line":17,"column":25}},"loc":{"start":{"line":17,"column":43},"end":{"line":17,"column":88}},"line":17},"3":{"name":"(anonymous_3)","decl":{"start":{"line":19,"column":24},"end":{"line":19,"column":25}},"loc":{"start":{"line":19,"column":30},"end":{"line":19,"column":110}},"line":19},"4":{"name":"(anonymous_4)","decl":{"start":{"line":21,"column":24},"end":{"line":21,"column":25}},"loc":{"start":{"line":21,"column":40},"end":{"line":21,"column":158}},"line":21},"5":{"name":"(anonymous_5)","decl":{"start":{"line":23,"column":23},"end":{"line":23,"column":24}},"loc":{"start":{"line":23,"column":29},"end":{"line":23,"column":122}},"line":23},"6":{"name":"(anonymous_6)","decl":{"start":{"line":25,"column":23},"end":{"line":25,"column":24}},"loc":{"start":{"line":25,"column":29},"end":{"line":25,"column":143}},"line":25}},"branchMap":{},"s":{"0":1,"1":0,"2":1,"3":0,"4":1,"5":2,"6":1,"7":0,"8":1,"9":0,"10":1,"11":0,"12":1,"13":0},"f":{"0":0,"1":0,"2":2,"3":0,"4":0,"5":0,"6":0},"b":{},"_coverageSchema":"43e27e138ebf9cfc5966b082cf9a028302ed4184","hash":"0b8e5a236c7ae5870de20a543bb8b62786a6838e"}
,"/home/linux-env/workspace/themoviedb/src/actions/movie.js": {"path":"/home/linux-env/workspace/themoviedb/src/actions/movie.js","statementMap":{"0":{"start":{"line":6,"column":43},"end":{"line":6,"column":64}},"1":{"start":{"line":7,"column":43},"end":{"line":7,"column":64}},"2":{"start":{"line":23,"column":26},"end":{"line":34,"column":1}},"3":{"start":{"line":23,"column":54},"end":{"line":34,"column":1}},"4":{"start":{"line":24,"column":2},"end":{"line":33,"column":8}},"5":{"start":{"line":25,"column":18},"end":{"line":25,"column":27}},"6":{"start":{"line":26,"column":19},"end":{"line":29,"column":6}},"7":{"start":{"line":30,"column":20},"end":{"line":33,"column":6}}},"fnMap":{"0":{"name":"(anonymous_0)","decl":{"start":{"line":23,"column":26},"end":{"line":23,"column":27}},"loc":{"start":{"line":23,"column":54},"end":{"line":34,"column":1}},"line":23},"1":{"name":"(anonymous_1)","decl":{"start":{"line":23,"column":54},"end":{"line":23,"column":55}},"loc":{"start":{"line":23,"column":68},"end":{"line":34,"column":1}},"line":23},"2":{"name":"(anonymous_2)","decl":{"start":{"line":25,"column":10},"end":{"line":25,"column":11}},"loc":{"start":{"line":25,"column":18},"end":{"line":25,"column":27}},"line":25},"3":{"name":"(anonymous_3)","decl":{"start":{"line":26,"column":10},"end":{"line":26,"column":11}},"loc":{"start":{"line":26,"column":19},"end":{"line":29,"column":6}},"line":26},"4":{"name":"(anonymous_4)","decl":{"start":{"line":30,"column":11},"end":{"line":30,"column":12}},"loc":{"start":{"line":30,"column":20},"end":{"line":33,"column":6}},"line":30}},"branchMap":{},"s":{"0":1,"1":1,"2":1,"3":0,"4":0,"5":0,"6":0,"7":0},"f":{"0":0,"1":0,"2":0,"3":0,"4":0},"b":{},"_coverageSchema":"43e27e138ebf9cfc5966b082cf9a028302ed4184","hash":"2b115c3f73bd2ad5f5c8939f3861db426bb13f3b"}
,"/home/linux-env/workspace/themoviedb/src/components/movie-home-view/movie-item/MovieItem.js": {"path":"/home/linux-env/workspace/themoviedb/src/components/movie-home-view/movie-item/MovieItem.js","statementMap":{"0":{"start":{"line":24,"column":25},"end":{"line":64,"column":1}},"1":{"start":{"line":31,"column":6},"end":{"line":31,"column":17}},"2":{"start":{"line":33,"column":15},"end":{"line":33,"column":60}},"3":{"start":{"line":35,"column":2},"end":{"line":63,"column":4}},"4":{"start":{"line":40,"column":21},"end":{"line":40,"column":41}},"5":{"start":{"line":66,"column":0},"end":{"line":74,"column":2}}},"fnMap":{"0":{"name":"(anonymous_0)","decl":{"start":{"line":24,"column":25},"end":{"line":24,"column":26}},"loc":{"start":{"line":24,"column":43},"end":{"line":64,"column":1}},"line":24},"1":{"name":"(anonymous_1)","decl":{"start":{"line":40,"column":15},"end":{"line":40,"column":16}},"loc":{"start":{"line":40,"column":21},"end":{"line":40,"column":41}},"line":40}},"branchMap":{"0":{"loc":{"start":{"line":33,"column":15},"end":{"line":33,"column":60}},"type":"cond-expr","locations":[{"start":{"line":33,"column":30},"end":{"line":33,"column":53}},{"start":{"line":33,"column":56},"end":{"line":33,"column":60}}],"line":33},"1":{"loc":{"start":{"line":55,"column":15},"end":{"line":55,"column":45}},"type":"cond-expr","locations":[{"start":{"line":55,"column":31},"end":{"line":55,"column":38}},{"start":{"line":55,"column":41},"end":{"line":55,"column":45}}],"line":55}},"s":{"0":1,"1":2,"2":2,"3":2,"4":0,"5":1},"f":{"0":2,"1":0},"b":{"0":[1,1],"1":[1,1]},"_coverageSchema":"43e27e138ebf9cfc5966b082cf9a028302ed4184","hash":"e9827244798e2be8926a5f58151ebde9c6623b0e"}
}
