TN:
SF:/home/linux-env/workspace/themoviedb/src/actions/URL.js
FN:3,(anonymous_0)
FN:6,(anonymous_1)
FN:17,(anonymous_2)
FN:19,(anonymous_3)
FN:21,(anonymous_4)
FN:23,(anonymous_5)
FN:25,(anonymous_6)
FNF:7
FNH:1
FNDA:0,(anonymous_0)
FNDA:0,(anonymous_1)
FNDA:2,(anonymous_2)
FNDA:0,(anonymous_3)
FNDA:0,(anonymous_4)
FNDA:0,(anonymous_5)
FNDA:0,(anonymous_6)
DA:3,1
DA:6,1
DA:14,0
DA:17,2
DA:19,1
DA:21,1
DA:23,1
DA:25,1
LF:8
LH:7
BRF:0
BRH:0
end_of_record
TN:
SF:/home/linux-env/workspace/themoviedb/src/actions/movie.js
FN:23,(anonymous_0)
FN:23,(anonymous_1)
FN:25,(anonymous_2)
FN:26,(anonymous_3)
FN:30,(anonymous_4)
FNF:5
FNH:0
FNDA:0,(anonymous_0)
FNDA:0,(anonymous_1)
FNDA:0,(anonymous_2)
FNDA:0,(anonymous_3)
FNDA:0,(anonymous_4)
DA:6,1
DA:7,1
DA:23,1
DA:24,0
DA:25,0
DA:26,0
DA:30,0
LF:7
LH:3
BRF:0
BRH:0
end_of_record
TN:
SF:/home/linux-env/workspace/themoviedb/src/components/movie-home-view/movie-item/MovieItem.js
FN:24,(anonymous_0)
FN:40,(anonymous_1)
FNF:2
FNH:1
FNDA:2,(anonymous_0)
FNDA:0,(anonymous_1)
DA:24,1
DA:31,2
DA:33,2
DA:35,2
DA:40,0
DA:66,1
LF:6
LH:5
BRDA:33,0,0,1
BRDA:33,0,1,1
BRDA:55,1,0,1
BRDA:55,1,1,1
BRF:4
BRH:4
end_of_record
